app/build/intermediates/manifest_merge_blame_file/debug/manifest-merger-blame-debug-report.txt
1<?xml version="1.0" encoding="utf-8"?>
2<manifest xmlns:android="http://schemas.android.com/apk/res/android"
3    package="com.google.mlkit.vision.demo"
4    android:installLocation="auto"
5    android:versionCode="11"
6    android:versionName="1.11" >
7    <!--
8 CameraX libraries require minSdkVersion 21, while this quickstart app
9    supports low to 19. Needs to use overrideLibrary to make the merger tool
10    ignore this conflict and import the libraries while keeping the app's lower
11    minSdkVersion value. In code, will check SDK version, before calling CameraX
12    APIs.
13    -->
14    <uses-sdk
14-->src\main\AndroidManifest.xml:12:5-15:63
15        android:minSdkVersion="19"
15-->src\main\AndroidManifest.xml:12:5-15:63
16        android:targetSdkVersion="31" />
16-->src\main\AndroidManifest.xml:12:5-15:63
17
18    <uses-feature android:name="android.hardware.camera" />
18-->src\main\AndroidManifest.xml:17:5-59
18-->src\main\AndroidManifest.xml:17:19-57
19
20    <uses-permission android:name="android.permission.INTERNET" />
20-->src\main\AndroidManifest.xml:19:5-66
20-->src\main\AndroidManifest.xml:19:22-64
21    <uses-permission android:name="android.permission.WRITE_EXTERNAL_STORAGE" />
21-->src\main\AndroidManifest.xml:20:5-80
21-->src\main\AndroidManifest.xml:20:22-78
22    <uses-permission android:name="android.permission.READ_EXTERNAL_STORAGE" />
22-->src\main\AndroidManifest.xml:21:5-79
22-->src\main\AndroidManifest.xml:21:22-77
23    <uses-permission android:name="android.permission.CAMERA" />
23-->src\main\AndroidManifest.xml:22:5-64
23-->src\main\AndroidManifest.xml:22:22-62
24
25    <queries>
25-->src\main\AndroidManifest.xml:71:5-75:15
26        <intent>
26-->src\main\AndroidManifest.xml:72:9-74:18
27            <action android:name="android.media.action.IMAGE_CAPTURE" />
27-->src\main\AndroidManifest.xml:73:13-73
27-->src\main\AndroidManifest.xml:73:21-70
28        </intent>
29    </queries>
30
31    <!-- For remote config -->
32    <uses-permission android:name="android.permission.ACCESS_NETWORK_STATE" />
32-->[com.google.mlkit:pose-detection-common:18.0.0-beta3] AndroidManifest.xml:7:5-79
32-->[com.google.mlkit:pose-detection-common:18.0.0-beta3] AndroidManifest.xml:7:22-76
33    <uses-permission android:name="android.permission.WAKE_LOCK" />
33-->[androidx.work:work-runtime:2.7.0] AndroidManifest.xml:25:5-68
33-->[androidx.work:work-runtime:2.7.0] AndroidManifest.xml:25:22-65
34    <uses-permission android:name="android.permission.RECEIVE_BOOT_COMPLETED" />
34-->[androidx.work:work-runtime:2.7.0] AndroidManifest.xml:27:5-81
34-->[androidx.work:work-runtime:2.7.0] AndroidManifest.xml:27:22-78
35    <uses-permission android:name="android.permission.FOREGROUND_SERVICE" />
35-->[androidx.work:work-runtime:2.7.0] AndroidManifest.xml:28:5-77
35-->[androidx.work:work-runtime:2.7.0] AndroidManifest.xml:28:22-74
36
37    <application
37-->src\main\AndroidManifest.xml:24:5-70:19
38        android:name="androidx.multidex.MultiDexApplication"
38-->src\main\AndroidManifest.xml:25:9-61
39        android:appComponentFactory="androidx.core.app.CoreComponentFactory"
39-->[androidx.core:core:1.6.0] AndroidManifest.xml:24:18-86
40        android:debuggable="true"
41        android:icon="@drawable/logo_mlkit"
41-->src\main\AndroidManifest.xml:26:9-44
42        android:label="@string/app_name"
42-->src\main\AndroidManifest.xml:27:9-41
43        android:testOnly="true"
44        android:theme="@style/Theme.AppCompat" >
44-->src\main\AndroidManifest.xml:28:9-47
45        <meta-data
45-->src\main\AndroidManifest.xml:30:9-32:68
46            android:name="com.google.android.gms.version"
46-->src\main\AndroidManifest.xml:31:13-58
47            android:value="@integer/google_play_services_version" />
47-->src\main\AndroidManifest.xml:32:13-66
48
49        <!--
50          Optional: Add it to automatically download ML model to device after
51          your app is installed.
52        -->
53        <meta-data
53-->src\main\AndroidManifest.xml:36:9-38:62
54            android:name="com.google.mlkit.vision.DEPENDENCIES"
54-->src\main\AndroidManifest.xml:37:13-64
55            android:value="barcode,face,ocr,ica,custom_ica" />
55-->src\main\AndroidManifest.xml:38:13-60
56
57        <activity
57-->src\main\AndroidManifest.xml:40:9-48:20
58            android:name="com.google.mlkit.vision.demo.MainActivity"
58-->src\main\AndroidManifest.xml:41:13-41
59            android:exported="true"
59-->src\main\AndroidManifest.xml:42:13-36
60            android:theme="@style/AppTheme" >
60-->src\main\AndroidManifest.xml:43:13-44
61            <intent-filter>
61-->src\main\AndroidManifest.xml:44:13-47:29
62                <action android:name="android.intent.action.MAIN" />
62-->src\main\AndroidManifest.xml:45:17-68
62-->src\main\AndroidManifest.xml:45:25-66
63
64                <category android:name="android.intent.category.LAUNCHER" />
64-->src\main\AndroidManifest.xml:46:17-76
64-->src\main\AndroidManifest.xml:46:27-74
65            </intent-filter>
66        </activity>
67        <activity
67-->src\main\AndroidManifest.xml:50:9-53:20
68            android:name="com.google.mlkit.vision.demo.java.SelectExerciseActivity"
68-->src\main\AndroidManifest.xml:51:13-56
69            android:exported="false" >
69-->src\main\AndroidManifest.xml:52:13-37
70        </activity>
71        <activity
71-->src\main\AndroidManifest.xml:55:9-58:20
72            android:name="com.google.mlkit.vision.demo.java.FeedbackActivity"
72-->src\main\AndroidManifest.xml:56:13-50
73            android:exported="false" >
73-->src\main\AndroidManifest.xml:57:13-37
74        </activity>
75        <activity
75-->src\main\AndroidManifest.xml:60:9-64:20
76            android:name="com.google.mlkit.vision.demo.java.LivePreviewActivity"
76-->src\main\AndroidManifest.xml:61:13-53
77            android:exported="false"
77-->src\main\AndroidManifest.xml:62:13-37
78            android:theme="@style/AppTheme" >
78-->src\main\AndroidManifest.xml:63:13-44
79        </activity>
80        <activity
80-->src\main\AndroidManifest.xml:66:9-68:39
81            android:name="com.google.mlkit.vision.demo.preference.SettingsActivity"
81-->src\main\AndroidManifest.xml:67:13-56
82            android:exported="false" />
82-->src\main\AndroidManifest.xml:68:13-37
83
84        <!--
85             Required for ML Kit Pose Detection GPU acceleration. Applications that target Android
86             S+ require explicit declaration of any referenced vendor-provided libraries.
87        -->
88        <uses-native-library
88-->[com.google.mlkit:pose-detection-common:18.0.0-beta3] AndroidManifest.xml:16:9-18:40
89            android:name="libOpenCL.so"
89-->[com.google.mlkit:pose-detection-common:18.0.0-beta3] AndroidManifest.xml:17:13-40
90            android:required="false" />
90-->[com.google.mlkit:pose-detection-common:18.0.0-beta3] AndroidManifest.xml:18:13-37
91        <uses-native-library
91-->[com.google.mlkit:pose-detection-common:18.0.0-beta3] AndroidManifest.xml:16:9-18:40
92            android:name="libOpenCL-car.so"
92-->[com.google.mlkit:pose-detection-common:18.0.0-beta3] AndroidManifest.xml:17:13-40
93            android:required="false" />
93-->[com.google.mlkit:pose-detection-common:18.0.0-beta3] AndroidManifest.xml:18:13-37
94        <uses-native-library
94-->[com.google.mlkit:pose-detection-common:18.0.0-beta3] AndroidManifest.xml:16:9-18:40
95            android:name="libOpenCL-pixel.so"
95-->[com.google.mlkit:pose-detection-common:18.0.0-beta3] AndroidManifest.xml:17:13-40
96            android:required="false" />
96-->[com.google.mlkit:pose-detection-common:18.0.0-beta3] AndroidManifest.xml:18:13-37
97
98        <service
98-->[com.google.mlkit:pose-detection-common:18.0.0-beta3] AndroidManifest.xml:26:9-32:19
99            android:name="com.google.mlkit.common.internal.MlKitComponentDiscoveryService"
99-->[com.google.mlkit:pose-detection-common:18.0.0-beta3] AndroidManifest.xml:27:13-91
100            android:directBootAware="true"
100-->[com.google.mlkit:common:18.6.0] AndroidManifest.xml:17:13-43
101            android:exported="false" >
101-->[com.google.mlkit:pose-detection-common:18.0.0-beta3] AndroidManifest.xml:28:13-37
102            <meta-data
102-->[com.google.mlkit:pose-detection-common:18.0.0-beta3] AndroidManifest.xml:29:13-31:85
103                android:name="com.google.firebase.components:com.google.mlkit.vision.pose.internal.PoseRegistrar"
103-->[com.google.mlkit:pose-detection-common:18.0.0-beta3] AndroidManifest.xml:30:17-114
104                android:value="com.google.firebase.components.ComponentRegistrar" />
104-->[com.google.mlkit:pose-detection-common:18.0.0-beta3] AndroidManifest.xml:31:17-82
105            <meta-data
105-->[com.google.mlkit:object-detection:17.0.0] AndroidManifest.xml:14:13-16:85
106                android:name="com.google.firebase.components:com.google.mlkit.vision.objects.defaults.internal.DefaultObjectsRegistrar"
106-->[com.google.mlkit:object-detection:17.0.0] AndroidManifest.xml:15:17-136
107                android:value="com.google.firebase.components.ComponentRegistrar" />
107-->[com.google.mlkit:object-detection:17.0.0] AndroidManifest.xml:16:17-82
108            <meta-data
108-->[com.google.mlkit:object-detection-custom:17.0.0] AndroidManifest.xml:11:13-13:85
109                android:name="com.google.firebase.components:com.google.mlkit.vision.objects.custom.internal.CustomObjectsRegistrar"
109-->[com.google.mlkit:object-detection-custom:17.0.0] AndroidManifest.xml:12:17-133
110                android:value="com.google.firebase.components.ComponentRegistrar" />
110-->[com.google.mlkit:object-detection-custom:17.0.0] AndroidManifest.xml:13:17-82
111            <meta-data
111-->[com.google.mlkit:image-labeling:17.0.7] AndroidManifest.xml:11:13-13:85
112                android:name="com.google.firebase.components:com.google.mlkit.vision.label.defaults.internal.BundledLabelRegistrar"
112-->[com.google.mlkit:image-labeling:17.0.7] AndroidManifest.xml:12:17-132
113                android:value="com.google.firebase.components.ComponentRegistrar" />
113-->[com.google.mlkit:image-labeling:17.0.7] AndroidManifest.xml:13:17-82
114            <meta-data
114-->[com.google.mlkit:image-labeling-custom:17.0.1] AndroidManifest.xml:11:13-13:85
115                android:name="com.google.firebase.components:com.google.mlkit.vision.label.custom.internal.CustomLabelRegistrar"
115-->[com.google.mlkit:image-labeling-custom:17.0.1] AndroidManifest.xml:12:17-129
116                android:value="com.google.firebase.components.ComponentRegistrar" />
116-->[com.google.mlkit:image-labeling-custom:17.0.1] AndroidManifest.xml:13:17-82
117            <meta-data
117-->[com.google.mlkit:segmentation-selfie:16.0.0-beta4] AndroidManifest.xml:12:13-14:85
118                android:name="com.google.firebase.components:com.google.mlkit.vision.segmentation.internal.SegmentationRegistrar"
118-->[com.google.mlkit:segmentation-selfie:16.0.0-beta4] AndroidManifest.xml:13:17-130
119                android:value="com.google.firebase.components.ComponentRegistrar" />
119-->[com.google.mlkit:segmentation-selfie:16.0.0-beta4] AndroidManifest.xml:14:17-82
120            <meta-data
120-->[com.google.mlkit:face-mesh-detection:16.0.0-beta1] AndroidManifest.xml:11:13-13:85
121                android:name="com.google.firebase.components:com.google.mlkit.vision.facemesh.internal.FaceMeshRegistrar"
121-->[com.google.mlkit:face-mesh-detection:16.0.0-beta1] AndroidManifest.xml:12:17-122
122                android:value="com.google.firebase.components.ComponentRegistrar" />
122-->[com.google.mlkit:face-mesh-detection:16.0.0-beta1] AndroidManifest.xml:13:17-82
123            <meta-data
123-->[com.google.android.gms:play-services-mlkit-barcode-scanning:18.1.0] AndroidManifest.xml:12:13-14:85
124                android:name="com.google.firebase.components:com.google.mlkit.vision.barcode.internal.BarcodeRegistrar"
124-->[com.google.android.gms:play-services-mlkit-barcode-scanning:18.1.0] AndroidManifest.xml:13:17-120
125                android:value="com.google.firebase.components.ComponentRegistrar" />
125-->[com.google.android.gms:play-services-mlkit-barcode-scanning:18.1.0] AndroidManifest.xml:14:17-82
126            <meta-data
126-->[com.google.mlkit:vision-internal-vkp:18.2.2] AndroidManifest.xml:14:13-16:85
127                android:name="com.google.firebase.components:com.google.mlkit.vision.vkp.VkpRegistrar"
127-->[com.google.mlkit:vision-internal-vkp:18.2.2] AndroidManifest.xml:15:17-103
128                android:value="com.google.firebase.components.ComponentRegistrar" />
128-->[com.google.mlkit:vision-internal-vkp:18.2.2] AndroidManifest.xml:16:17-82
129            <meta-data
129-->[com.google.android.gms:play-services-mlkit-face-detection:17.0.1] AndroidManifest.xml:12:13-14:85
130                android:name="com.google.firebase.components:com.google.mlkit.vision.face.internal.FaceRegistrar"
130-->[com.google.android.gms:play-services-mlkit-face-detection:17.0.1] AndroidManifest.xml:13:17-114
131                android:value="com.google.firebase.components.ComponentRegistrar" />
131-->[com.google.android.gms:play-services-mlkit-face-detection:17.0.1] AndroidManifest.xml:14:17-82
132            <meta-data
132-->[com.google.android.gms:play-services-mlkit-text-recognition-common:18.0.0] AndroidManifest.xml:12:13-14:85
133                android:name="com.google.firebase.components:com.google.mlkit.vision.text.internal.TextRegistrar"
133-->[com.google.android.gms:play-services-mlkit-text-recognition-common:18.0.0] AndroidManifest.xml:13:17-114
134                android:value="com.google.firebase.components.ComponentRegistrar" />
134-->[com.google.android.gms:play-services-mlkit-text-recognition-common:18.0.0] AndroidManifest.xml:14:17-82
135            <meta-data
135-->[com.google.mlkit:vision-common:17.3.0] AndroidManifest.xml:12:13-14:85
136                android:name="com.google.firebase.components:com.google.mlkit.vision.common.internal.VisionCommonRegistrar"
136-->[com.google.mlkit:vision-common:17.3.0] AndroidManifest.xml:13:17-124
137                android:value="com.google.firebase.components.ComponentRegistrar" />
137-->[com.google.mlkit:vision-common:17.3.0] AndroidManifest.xml:14:17-82
138            <meta-data
138-->[com.google.mlkit:common:18.6.0] AndroidManifest.xml:20:13-22:85
139                android:name="com.google.firebase.components:com.google.mlkit.common.internal.CommonComponentRegistrar"
139-->[com.google.mlkit:common:18.6.0] AndroidManifest.xml:21:17-120
140                android:value="com.google.firebase.components.ComponentRegistrar" />
140-->[com.google.mlkit:common:18.6.0] AndroidManifest.xml:22:17-82
141        </service>
142        <service
142-->[com.google.mlkit:acceleration:16.0.0-beta1] AndroidManifest.xml:8:9-11:68
143            android:name="com.google.mlkit.acceleration.internal.MlKitRemoteWorkerService"
143-->[com.google.mlkit:acceleration:16.0.0-beta1] AndroidManifest.xml:9:13-91
144            android:exported="false"
144-->[com.google.mlkit:acceleration:16.0.0-beta1] AndroidManifest.xml:10:13-37
145            android:process=":mlkit_acceleration_mini_benchmark" />
145-->[com.google.mlkit:acceleration:16.0.0-beta1] AndroidManifest.xml:11:13-65
146        <service
146-->[androidx.work:work-multiprocess:2.7.0] AndroidManifest.xml:25:9-27:40
147            android:name="androidx.work.multiprocess.RemoteWorkManagerService"
147-->[androidx.work:work-multiprocess:2.7.0] AndroidManifest.xml:26:13-79
148            android:exported="false" />
148-->[androidx.work:work-multiprocess:2.7.0] AndroidManifest.xml:27:13-37
149
150        <provider
150-->[com.google.mlkit:common:18.6.0] AndroidManifest.xml:9:9-13:38
151            android:name="com.google.mlkit.common.internal.MlKitInitProvider"
151-->[com.google.mlkit:common:18.6.0] AndroidManifest.xml:10:13-78
152            android:authorities="com.google.mlkit.vision.demo.mlkitinitprovider"
152-->[com.google.mlkit:common:18.6.0] AndroidManifest.xml:11:13-69
153            android:exported="false"
153-->[com.google.mlkit:common:18.6.0] AndroidManifest.xml:12:13-37
154            android:initOrder="99" />
154-->[com.google.mlkit:common:18.6.0] AndroidManifest.xml:13:13-35
155
156        <activity
156-->[com.google.android.gms:play-services-base:18.1.0] AndroidManifest.xml:20:9-22:45
157            android:name="com.google.android.gms.common.api.GoogleApiActivity"
157-->[com.google.android.gms:play-services-base:18.1.0] AndroidManifest.xml:20:19-85
158            android:exported="false"
158-->[com.google.android.gms:play-services-base:18.1.0] AndroidManifest.xml:22:19-43
159            android:theme="@android:style/Theme.Translucent.NoTitleBar" />
159-->[com.google.android.gms:play-services-base:18.1.0] AndroidManifest.xml:21:19-78
160
161        <provider
161-->[androidx.work:work-runtime:2.7.0] AndroidManifest.xml:31:9-39:20
162            android:name="androidx.startup.InitializationProvider"
162-->[androidx.work:work-runtime:2.7.0] AndroidManifest.xml:32:13-67
163            android:authorities="com.google.mlkit.vision.demo.androidx-startup"
163-->[androidx.work:work-runtime:2.7.0] AndroidManifest.xml:33:13-68
164            android:exported="false" >
164-->[androidx.work:work-runtime:2.7.0] AndroidManifest.xml:34:13-37
165            <meta-data
165-->[androidx.work:work-runtime:2.7.0] AndroidManifest.xml:36:13-38:52
166                android:name="androidx.work.WorkManagerInitializer"
166-->[androidx.work:work-runtime:2.7.0] AndroidManifest.xml:37:17-68
167                android:value="androidx.startup" />
167-->[androidx.work:work-runtime:2.7.0] AndroidManifest.xml:38:17-49
168        </provider>
169
170        <service
170-->[androidx.work:work-runtime:2.7.0] AndroidManifest.xml:41:9-46:35
171            android:name="androidx.work.impl.background.systemalarm.SystemAlarmService"
171-->[androidx.work:work-runtime:2.7.0] AndroidManifest.xml:42:13-88
172            android:directBootAware="false"
172-->[androidx.work:work-runtime:2.7.0] AndroidManifest.xml:43:13-44
173            android:enabled="@bool/enable_system_alarm_service_default"
173-->[androidx.work:work-runtime:2.7.0] AndroidManifest.xml:44:13-72
174            android:exported="false" />
174-->[androidx.work:work-runtime:2.7.0] AndroidManifest.xml:45:13-37
175        <service
175-->[androidx.work:work-runtime:2.7.0] AndroidManifest.xml:47:9-53:35
176            android:name="androidx.work.impl.background.systemjob.SystemJobService"
176-->[androidx.work:work-runtime:2.7.0] AndroidManifest.xml:48:13-84
177            android:directBootAware="false"
177-->[androidx.work:work-runtime:2.7.0] AndroidManifest.xml:49:13-44
178            android:enabled="@bool/enable_system_job_service_default"
178-->[androidx.work:work-runtime:2.7.0] AndroidManifest.xml:50:13-70
179            android:exported="true"
179-->[androidx.work:work-runtime:2.7.0] AndroidManifest.xml:51:13-36
180            android:permission="android.permission.BIND_JOB_SERVICE" />
180-->[androidx.work:work-runtime:2.7.0] AndroidManifest.xml:52:13-69
181        <service
181-->[androidx.work:work-runtime:2.7.0] AndroidManifest.xml:54:9-59:35
182            android:name="androidx.work.impl.foreground.SystemForegroundService"
182-->[androidx.work:work-runtime:2.7.0] AndroidManifest.xml:55:13-81
183            android:directBootAware="false"
183-->[androidx.work:work-runtime:2.7.0] AndroidManifest.xml:56:13-44
184            android:enabled="@bool/enable_system_foreground_service_default"
184-->[androidx.work:work-runtime:2.7.0] AndroidManifest.xml:57:13-77
185            android:exported="false" />
185-->[androidx.work:work-runtime:2.7.0] AndroidManifest.xml:58:13-37
186
187        <receiver
187-->[androidx.work:work-runtime:2.7.0] AndroidManifest.xml:61:9-66:35
188            android:name="androidx.work.impl.utils.ForceStopRunnable$BroadcastReceiver"
188-->[androidx.work:work-runtime:2.7.0] AndroidManifest.xml:62:13-88
189            android:directBootAware="false"
189-->[androidx.work:work-runtime:2.7.0] AndroidManifest.xml:63:13-44
190            android:enabled="true"
190-->[androidx.work:work-runtime:2.7.0] AndroidManifest.xml:64:13-35
191            android:exported="false" />
191-->[androidx.work:work-runtime:2.7.0] AndroidManifest.xml:65:13-37
192        <receiver
192-->[androidx.work:work-runtime:2.7.0] AndroidManifest.xml:67:9-77:20
193            android:name="androidx.work.impl.background.systemalarm.ConstraintProxy$BatteryChargingProxy"
193-->[androidx.work:work-runtime:2.7.0] AndroidManifest.xml:68:13-106
194            android:directBootAware="false"
194-->[androidx.work:work-runtime:2.7.0] AndroidManifest.xml:69:13-44
195            android:enabled="false"
195-->[androidx.work:work-runtime:2.7.0] AndroidManifest.xml:70:13-36
196            android:exported="false" >
196-->[androidx.work:work-runtime:2.7.0] AndroidManifest.xml:71:13-37
197            <intent-filter>
197-->[androidx.work:work-runtime:2.7.0] AndroidManifest.xml:73:13-76:29
198                <action android:name="android.intent.action.ACTION_POWER_CONNECTED" />
198-->[androidx.work:work-runtime:2.7.0] AndroidManifest.xml:74:17-87
198-->[androidx.work:work-runtime:2.7.0] AndroidManifest.xml:74:25-84
199                <action android:name="android.intent.action.ACTION_POWER_DISCONNECTED" />
199-->[androidx.work:work-runtime:2.7.0] AndroidManifest.xml:75:17-90
199-->[androidx.work:work-runtime:2.7.0] AndroidManifest.xml:75:25-87
200            </intent-filter>
201        </receiver>
202        <receiver
202-->[androidx.work:work-runtime:2.7.0] AndroidManifest.xml:78:9-88:20
203            android:name="androidx.work.impl.background.systemalarm.ConstraintProxy$BatteryNotLowProxy"
203-->[androidx.work:work-runtime:2.7.0] AndroidManifest.xml:79:13-104
204            android:directBootAware="false"
204-->[androidx.work:work-runtime:2.7.0] AndroidManifest.xml:80:13-44
205            android:enabled="false"
205-->[androidx.work:work-runtime:2.7.0] AndroidManifest.xml:81:13-36
206            android:exported="false" >
206-->[androidx.work:work-runtime:2.7.0] AndroidManifest.xml:82:13-37
207            <intent-filter>
207-->[androidx.work:work-runtime:2.7.0] AndroidManifest.xml:84:13-87:29
208                <action android:name="android.intent.action.BATTERY_OKAY" />
208-->[androidx.work:work-runtime:2.7.0] AndroidManifest.xml:85:17-77
208-->[androidx.work:work-runtime:2.7.0] AndroidManifest.xml:85:25-74
209                <action android:name="android.intent.action.BATTERY_LOW" />
209-->[androidx.work:work-runtime:2.7.0] AndroidManifest.xml:86:17-76
209-->[androidx.work:work-runtime:2.7.0] AndroidManifest.xml:86:25-73
210            </intent-filter>
211        </receiver>
212        <receiver
212-->[androidx.work:work-runtime:2.7.0] AndroidManifest.xml:89:9-99:20
213            android:name="androidx.work.impl.background.systemalarm.ConstraintProxy$StorageNotLowProxy"
213-->[androidx.work:work-runtime:2.7.0] AndroidManifest.xml:90:13-104
214            android:directBootAware="false"
214-->[androidx.work:work-runtime:2.7.0] AndroidManifest.xml:91:13-44
215            android:enabled="false"
215-->[androidx.work:work-runtime:2.7.0] AndroidManifest.xml:92:13-36
216            android:exported="false" >
216-->[androidx.work:work-runtime:2.7.0] AndroidManifest.xml:93:13-37
217            <intent-filter>
217-->[androidx.work:work-runtime:2.7.0] AndroidManifest.xml:95:13-98:29
218                <action android:name="android.intent.action.DEVICE_STORAGE_LOW" />
218-->[androidx.work:work-runtime:2.7.0] AndroidManifest.xml:96:17-83
218-->[androidx.work:work-runtime:2.7.0] AndroidManifest.xml:96:25-80
219                <action android:name="android.intent.action.DEVICE_STORAGE_OK" />
219-->[androidx.work:work-runtime:2.7.0] AndroidManifest.xml:97:17-82
219-->[androidx.work:work-runtime:2.7.0] AndroidManifest.xml:97:25-79
220            </intent-filter>
221        </receiver>
222        <receiver
222-->[androidx.work:work-runtime:2.7.0] AndroidManifest.xml:100:9-109:20
223            android:name="androidx.work.impl.background.systemalarm.ConstraintProxy$NetworkStateProxy"
223-->[androidx.work:work-runtime:2.7.0] AndroidManifest.xml:101:13-103
224            android:directBootAware="false"
224-->[androidx.work:work-runtime:2.7.0] AndroidManifest.xml:102:13-44
225            android:enabled="false"
225-->[androidx.work:work-runtime:2.7.0] AndroidManifest.xml:103:13-36
226            android:exported="false" >
226-->[androidx.work:work-runtime:2.7.0] AndroidManifest.xml:104:13-37
227            <intent-filter>
227-->[androidx.work:work-runtime:2.7.0] AndroidManifest.xml:106:13-108:29
228                <action android:name="android.net.conn.CONNECTIVITY_CHANGE" />
228-->[androidx.work:work-runtime:2.7.0] AndroidManifest.xml:107:17-79
228-->[androidx.work:work-runtime:2.7.0] AndroidManifest.xml:107:25-76
229            </intent-filter>
230        </receiver>
231        <receiver
231-->[androidx.work:work-runtime:2.7.0] AndroidManifest.xml:110:9-121:20
232            android:name="androidx.work.impl.background.systemalarm.RescheduleReceiver"
232-->[androidx.work:work-runtime:2.7.0] AndroidManifest.xml:111:13-88
233            android:directBootAware="false"
233-->[androidx.work:work-runtime:2.7.0] AndroidManifest.xml:112:13-44
234            android:enabled="false"
234-->[androidx.work:work-runtime:2.7.0] AndroidManifest.xml:113:13-36
235            android:exported="false" >
235-->[androidx.work:work-runtime:2.7.0] AndroidManifest.xml:114:13-37
236            <intent-filter>
236-->[androidx.work:work-runtime:2.7.0] AndroidManifest.xml:116:13-120:29
237                <action android:name="android.intent.action.BOOT_COMPLETED" />
237-->[androidx.work:work-runtime:2.7.0] AndroidManifest.xml:117:17-79
237-->[androidx.work:work-runtime:2.7.0] AndroidManifest.xml:117:25-76
238                <action android:name="android.intent.action.TIME_SET" />
238-->[androidx.work:work-runtime:2.7.0] AndroidManifest.xml:118:17-73
238-->[androidx.work:work-runtime:2.7.0] AndroidManifest.xml:118:25-70
239                <action android:name="android.intent.action.TIMEZONE_CHANGED" />
239-->[androidx.work:work-runtime:2.7.0] AndroidManifest.xml:119:17-81
239-->[androidx.work:work-runtime:2.7.0] AndroidManifest.xml:119:25-78
240            </intent-filter>
241        </receiver>
242        <receiver
242-->[androidx.work:work-runtime:2.7.0] AndroidManifest.xml:122:9-131:20
243            android:name="androidx.work.impl.background.systemalarm.ConstraintProxyUpdateReceiver"
243-->[androidx.work:work-runtime:2.7.0] AndroidManifest.xml:123:13-99
244            android:directBootAware="false"
244-->[androidx.work:work-runtime:2.7.0] AndroidManifest.xml:124:13-44
245            android:enabled="@bool/enable_system_alarm_service_default"
245-->[androidx.work:work-runtime:2.7.0] AndroidManifest.xml:125:13-72
246            android:exported="false" >
246-->[androidx.work:work-runtime:2.7.0] AndroidManifest.xml:126:13-37
247            <intent-filter>
247-->[androidx.work:work-runtime:2.7.0] AndroidManifest.xml:128:13-130:29
248                <action android:name="androidx.work.impl.background.systemalarm.UpdateProxies" />
248-->[androidx.work:work-runtime:2.7.0] AndroidManifest.xml:129:17-98
248-->[androidx.work:work-runtime:2.7.0] AndroidManifest.xml:129:25-95
249            </intent-filter>
250        </receiver>
251        <receiver
251-->[androidx.work:work-runtime:2.7.0] AndroidManifest.xml:132:9-142:20
252            android:name="androidx.work.impl.diagnostics.DiagnosticsReceiver"
252-->[androidx.work:work-runtime:2.7.0] AndroidManifest.xml:133:13-78
253            android:directBootAware="false"
253-->[androidx.work:work-runtime:2.7.0] AndroidManifest.xml:134:13-44
254            android:enabled="true"
254-->[androidx.work:work-runtime:2.7.0] AndroidManifest.xml:135:13-35
255            android:exported="true"
255-->[androidx.work:work-runtime:2.7.0] AndroidManifest.xml:136:13-36
256            android:permission="android.permission.DUMP" >
256-->[androidx.work:work-runtime:2.7.0] AndroidManifest.xml:137:13-57
257            <intent-filter>
257-->[androidx.work:work-runtime:2.7.0] AndroidManifest.xml:139:13-141:29
258                <action android:name="androidx.work.diagnostics.REQUEST_DIAGNOSTICS" />
258-->[androidx.work:work-runtime:2.7.0] AndroidManifest.xml:140:17-88
258-->[androidx.work:work-runtime:2.7.0] AndroidManifest.xml:140:25-85
259            </intent-filter>
260        </receiver>
261
262        <service
262-->[com.google.android.datatransport:transport-backend-cct:2.3.3] AndroidManifest.xml:29:9-35:19
263            android:name="com.google.android.datatransport.runtime.backends.TransportBackendDiscovery"
263-->[com.google.android.datatransport:transport-backend-cct:2.3.3] AndroidManifest.xml:30:13-103
264            android:exported="false" >
264-->[com.google.android.datatransport:transport-backend-cct:2.3.3] AndroidManifest.xml:31:13-37
265            <meta-data
265-->[com.google.android.datatransport:transport-backend-cct:2.3.3] AndroidManifest.xml:32:13-34:39
266                android:name="backend:com.google.android.datatransport.cct.CctBackendFactory"
266-->[com.google.android.datatransport:transport-backend-cct:2.3.3] AndroidManifest.xml:33:17-94
267                android:value="cct" />
267-->[com.google.android.datatransport:transport-backend-cct:2.3.3] AndroidManifest.xml:34:17-36
268        </service>
269        <service
269-->[com.google.android.datatransport:transport-runtime:2.2.6] AndroidManifest.xml:26:9-30:19
270            android:name="com.google.android.datatransport.runtime.scheduling.jobscheduling.JobInfoSchedulerService"
270-->[com.google.android.datatransport:transport-runtime:2.2.6] AndroidManifest.xml:27:13-117
271            android:exported="false"